<?xml version="1.0" encoding="UTF-8"?>
<!-- Generated by org.testng.reporters.JUnitReportReporter -->
<testsuite hostname="user-PC" name="TutorialPlannerApp.services.TutorialTypeServiceTest" tests="4" failures="0" timestamp="14 Aug 2017 19:06:53 GMT" time="0.071" errors="0">
  <testcase name="testCreate" time="0.013" classname="TutorialPlannerApp.services.TutorialTypeServiceTest"/>
  <testcase name="testRead" time="0.002" classname="TutorialPlannerApp.services.TutorialTypeServiceTest"/>
  <testcase name="testDelete" time="0.002" classname="TutorialPlannerApp.services.TutorialTypeServiceTest"/>
  <testcase name="testUpdate" time="0.054" classname="TutorialPlannerApp.services.TutorialTypeServiceTest"/>
</testsuite> <!-- TutorialPlannerApp.services.TutorialTypeServiceTest -->
