<?xml version="1.0" encoding="UTF-8"?>
<!-- Generated by org.testng.reporters.JUnitReportReporter -->
<testsuite hostname="user-PC" name="TutorialPlannerApp.factories.SubjectFactoryTest" tests="1" failures="0" timestamp="14 Aug 2017 18:19:32 GMT" time="0.079" errors="0">
  <testcase name="getSubject" time="0.079" classname="TutorialPlannerApp.factories.SubjectFactoryTest"/>
</testsuite> <!-- TutorialPlannerApp.factories.SubjectFactoryTest -->
