<?xml version="1.0" encoding="UTF-8"?>
<!-- Generated by org.testng.reporters.JUnitReportReporter -->
<testsuite hostname="user-PC" name="TutorialPlannerApp.factories.StudentFactoryTest" tests="1" failures="0" timestamp="14 Aug 2017 18:17:38 GMT" time="0.066" errors="0">
  <testcase name="getStudent" time="0.066" classname="TutorialPlannerApp.factories.StudentFactoryTest"/>
</testsuite> <!-- TutorialPlannerApp.factories.StudentFactoryTest -->
