<?xml version="1.0" encoding="UTF-8"?>
<!-- Generated by org.testng.reporters.JUnitReportReporter -->
<testsuite hostname="user-PC" name="TutorialPlannerApp.repositories.TutorRepositoryTest" tests="4" failures="0" timestamp="14 Aug 2017 18:48:37 GMT" time="0.044" errors="0">
  <testcase name="create" time="0.013" classname="TutorialPlannerApp.repositories.TutorRepositoryTest"/>
  <testcase name="read" time="0.001" classname="TutorialPlannerApp.repositories.TutorRepositoryTest"/>
  <testcase name="delete" time="0.002" classname="TutorialPlannerApp.repositories.TutorRepositoryTest"/>
  <testcase name="update" time="0.028" classname="TutorialPlannerApp.repositories.TutorRepositoryTest"/>
</testsuite> <!-- TutorialPlannerApp.repositories.TutorRepositoryTest -->
