<?xml version="1.0" encoding="UTF-8"?>
<!-- Generated by org.testng.reporters.JUnitReportReporter -->
<testsuite hostname="user-PC" name="TutorialPlannerApp.repositories.SubjectRepositoryTest" tests="4" failures="0" timestamp="14 Aug 2017 18:35:03 GMT" time="0.105" errors="0">
  <testcase name="create" time="0.043" classname="TutorialPlannerApp.repositories.SubjectRepositoryTest"/>
  <testcase name="read" time="0.002" classname="TutorialPlannerApp.repositories.SubjectRepositoryTest"/>
  <testcase name="delete" time="0.002" classname="TutorialPlannerApp.repositories.SubjectRepositoryTest"/>
  <testcase name="update" time="0.058" classname="TutorialPlannerApp.repositories.SubjectRepositoryTest"/>
</testsuite> <!-- TutorialPlannerApp.repositories.SubjectRepositoryTest -->
