<?xml version="1.0" encoding="UTF-8"?>
<!-- Generated by org.testng.reporters.JUnitReportReporter -->
<testsuite hostname="user-PC" name="TutorialPlannerApp.repositories.TutorialTypeRepositoryTest" tests="4" failures="0" timestamp="14 Aug 2017 19:02:40 GMT" time="0.099" errors="0">
  <testcase name="create" time="0.042" classname="TutorialPlannerApp.repositories.TutorialTypeRepositoryTest"/>
  <testcase name="read" time="0.000" classname="TutorialPlannerApp.repositories.TutorialTypeRepositoryTest"/>
  <testcase name="delete" time="0.001" classname="TutorialPlannerApp.repositories.TutorialTypeRepositoryTest"/>
  <testcase name="update" time="0.056" classname="TutorialPlannerApp.repositories.TutorialTypeRepositoryTest"/>
</testsuite> <!-- TutorialPlannerApp.repositories.TutorialTypeRepositoryTest -->
