<?xml version="1.0" encoding="UTF-8"?>
<!-- Generated by org.testng.reporters.JUnitReportReporter -->
<testsuite hostname="user-PC" name="TutorialPlannerApp.services.TutorServiceTest" tests="4" failures="0" timestamp="14 Aug 2017 18:51:42 GMT" time="0.198" errors="0">
  <testcase name="testCreate" time="0.129" classname="TutorialPlannerApp.services.TutorServiceTest"/>
  <testcase name="testRead" time="0.002" classname="TutorialPlannerApp.services.TutorServiceTest"/>
  <testcase name="testDelete" time="0.001" classname="TutorialPlannerApp.services.TutorServiceTest"/>
  <testcase name="testUpdate" time="0.066" classname="TutorialPlannerApp.services.TutorServiceTest"/>
</testsuite> <!-- TutorialPlannerApp.services.TutorServiceTest -->
