<?xml version="1.0" encoding="UTF-8"?>
<!-- Generated by org.testng.reporters.JUnitReportReporter -->
<testsuite hostname="user-PC" name="TutorialPlannerApp.repositories.StudentRepositoryTest" tests="4" failures="0" timestamp="14 Aug 2017 18:20:33 GMT" time="0.085" errors="0">
  <testcase name="create" time="0.042" classname="TutorialPlannerApp.repositories.StudentRepositoryTest"/>
  <testcase name="read" time="0.001" classname="TutorialPlannerApp.repositories.StudentRepositoryTest"/>
  <testcase name="delete" time="0.001" classname="TutorialPlannerApp.repositories.StudentRepositoryTest"/>
  <testcase name="update" time="0.041" classname="TutorialPlannerApp.repositories.StudentRepositoryTest"/>
</testsuite> <!-- TutorialPlannerApp.repositories.StudentRepositoryTest -->
