<?xml version="1.0" encoding="UTF-8"?>
<!-- Generated by org.testng.reporters.JUnitReportReporter -->
<testsuite hostname="user-PC" name="TutorialPlannerApp.factories.TutorialTypeFactoryTest" tests="1" failures="0" timestamp="14 Aug 2017 18:55:30 GMT" time="0.065" errors="0">
  <testcase name="getTutorialType" time="0.065" classname="TutorialPlannerApp.factories.TutorialTypeFactoryTest"/>
</testsuite> <!-- TutorialPlannerApp.factories.TutorialTypeFactoryTest -->
