<?xml version="1.0" encoding="UTF-8"?>
<!-- Generated by org.testng.reporters.JUnitReportReporter -->
<testsuite hostname="user-PC" name="TutorialPlannerApp.services.StudentServiceTest" tests="4" failures="0" timestamp="14 Aug 2017 18:22:10 GMT" time="0.116" errors="0">
  <testcase name="testCreate" time="0.014" classname="TutorialPlannerApp.services.StudentServiceTest"/>
  <testcase name="testRead" time="0.001" classname="TutorialPlannerApp.services.StudentServiceTest"/>
  <testcase name="testDelete" time="0.003" classname="TutorialPlannerApp.services.StudentServiceTest"/>
  <testcase name="testUpdate" time="0.098" classname="TutorialPlannerApp.services.StudentServiceTest"/>
</testsuite> <!-- TutorialPlannerApp.services.StudentServiceTest -->
